2025-08-05 09:02:07,741 - modules.estoque_veiculos - INFO - Expressões regulares compiladas com sucesso
2025-08-05 09:02:07,742 - __main__ - ERROR - Erro ao importar módulos: cannot import name 'consolidar_dados_veiculos' from 'modules.transformadores_veiculos' (/home/ubuntu/nfe_project/Empresas-de-ve-culos-main/modules/transformadores_veiculos.py). Verifique se as dependências estão corretas e o PYTHONPATH configurado.
2025-08-05 09:03:05,678 - modules.estoque_veiculos - INFO - Expressões regulares compiladas com sucesso
2025-08-05 09:03:50,640 - modules.estoque_veiculos - INFO - Expressões regulares compiladas com sucesso
2025-08-05 09:04:44,966 - modules.estoque_veiculos - INFO - Expressões regulares compiladas com sucesso
2025-08-05 09:08:56,928 - modules.estoque_veiculos - INFO - Expressões regulares compiladas com sucesso
2025-08-05 09:08:56,934 - __main__ - INFO - Extraindo ZIP para diretório temporário: /tmp/nfe_extract_dhd1phhy
2025-08-05 09:08:56,935 - modules.estoque_veiculos - INFO - XML extraído: subpasta1/nfe_com_acentos_e_├º.xml -> subpasta1_nfe_com_acentos_e__º.xml
2025-08-05 09:08:56,935 - __main__ - INFO - Processando 1 arquivos XML
2025-08-05 09:08:56,935 - modules.estoque_veiculos - INFO - Iniciando processamento de 1 arquivos XML
2025-08-05 09:08:56,935 - modules.estoque_veiculos - INFO - Processando XML: /tmp/nfe_extract_dhd1phhy/subpasta1_nfe_com_acentos_e__º.xml
2025-08-05 09:08:56,935 - modules.estoque_veiculos - INFO - Processando NF número: 2
2025-08-05 09:08:56,937 - modules.estoque_veiculos - INFO - Encontrados 1 itens na NF
2025-08-05 09:08:56,937 - modules.estoque_veiculos - INFO - XML processado com sucesso: 1 registros extraídos
2025-08-05 09:08:56,939 - modules.estoque_veiculos - INFO - DataFrame criado com 1 registros
2025-08-05 09:08:56,942 - modules.estoque_veiculos - INFO - Tipos de nota: {'Entrada': 1}
2025-08-05 09:08:56,942 - modules.estoque_veiculos - INFO - Classificações: {'Consumo': 1}
2025-08-05 09:08:56,943 - modules.transformadores_veiculos - INFO - Iniciando consolidação dos dados de veículos.
2025-08-05 09:08:56,950 - modules.transformadores_veiculos - INFO - Dados consolidados. Total de 0 veículos para análise.
2025-08-05 09:08:56,950 - modules.transformadores_veiculos - INFO - Calculando KPIs financeiros.
2025-08-05 09:08:56,951 - __main__ - ERROR - Erro durante o pipeline de processamento: 'Situação'
Traceback (most recent call last):
  File "/usr/local/lib/python3.11/dist-packages/pandas/core/indexes/base.py", line 3812, in get_loc
    return self._engine.get_loc(casted_key)
           ^^^^^^^^^^^^^^^^^^^^^^^^^^^^^^^^
  File "pandas/_libs/index.pyx", line 167, in pandas._libs.index.IndexEngine.get_loc
  File "pandas/_libs/index.pyx", line 196, in pandas._libs.index.IndexEngine.get_loc
  File "pandas/_libs/hashtable_class_helper.pxi", line 7088, in pandas._libs.hashtable.PyObjectHashTable.get_item
  File "pandas/_libs/hashtable_class_helper.pxi", line 7096, in pandas._libs.hashtable.PyObjectHashTable.get_item
KeyError: 'Situação'

The above exception was the direct cause of the following exception:

Traceback (most recent call last):
  File "/home/ubuntu/nfe_project/Empresas-de-ve-culos-main/painel.py", line 90, in main
    kpis = calcular_kpis_financeiros(df_consolidado)
           ^^^^^^^^^^^^^^^^^^^^^^^^^^^^^^^^^^^^^^^^^
  File "/home/ubuntu/nfe_project/Empresas-de-ve-culos-main/modules/transformadores_veiculos.py", line 187, in calcular_kpis_financeiros
    vendidos = df_estoque[df_estoque["Situação"] == "Vendido"].copy()
                          ~~~~~~~~~~^^^^^^^^^^^^^^
  File "/usr/local/lib/python3.11/dist-packages/pandas/core/frame.py", line 4107, in __getitem__
    indexer = self.columns.get_loc(key)
              ^^^^^^^^^^^^^^^^^^^^^^^^^
  File "/usr/local/lib/python3.11/dist-packages/pandas/core/indexes/base.py", line 3819, in get_loc
    raise KeyError(key) from err
KeyError: 'Situação'
2025-08-05 09:08:56,955 - __main__ - ERROR - Falha no processamento
2025-08-05 09:08:56,955 - __main__ - INFO - Removendo diretório temporário: /tmp/nfe_extract_dhd1phhy
2025-08-05 09:11:34,729 - modules.estoque_veiculos - INFO - Expressões regulares compiladas com sucesso
2025-08-05 09:16:47,157 - modules.estoque_veiculos - INFO - Expressões regulares compiladas com sucesso
